<html>
<body>
<pre>
<h1>µVision Build Log</h1>
<h2>Project:</h2>
C:\Users\Kévin\Documents\Etudes\INSA\5SEC-RDS_2016-2017\Projet_SEC\GIT\curtisteamgit\Code\Projects_STM32\Project_Speed_Sensor\MDK-ARM\Project_Speed_Sensor.uvproj
Project File Date:  11/27/2016

<h2>Output:</h2>
Build target 'NUCLEO-F103RB'
compiling main.c...
..\Application\main.c(67): error:  #136: struct "<unnamed>" has no field "travelled_distance"
                pdata_STM->travelled_distance = jeanmichelposition;
..\Application\main.c(71): error:  #136: struct "<unnamed>" has no field "car_speed"
                pdata_STM->car_speed = jeanmichelvitesse;
..\Application\main.c: 0 warnings, 2 errors
compiling speed_sensor.c...
compiling position_sensor.c...
compiling hall_sensor.c...
compiling callbacks_services.c...
compiling compress.c...
compiling uncompress.c...
compiling stm32f10x_it.c...
compiling gpio.c...
compiling systick.c...
compiling exti.c...
compiling misc.c...
compiling stm32f10x_exti.c...
compiling stm32f10x_gpio.c...
compiling stm32f10x_rcc.c...
compiling core_cm3.c...
compiling system_stm32f10x.c...
assembling startup_stm32f10x_md.s...
".\Release\project.axf" - 2 Error(s), 0 Warning(s).
Target not created
