<html>
<body>
<pre>
<h1>µVision Build Log</h1>
<h2>Project:</h2>
C:\Users\Clément\Documents\Cours\ProjetCurtis\curtisteamgit\Code\Projects_STM32\MiseEnCommun\MDK-ARM\MiseEnCommun.uvproj
Project File Date:  12/10/2016

<h2>Output:</h2>
Build target 'NUCLEO-F103RB'
compiling tim.c...
linking...
Program Size: Code=4444 RO-data=268 RW-data=48 ZI-data=1632  
".\Release\project.axf" - 0 Error(s), 0 Warning(s).
</pre>
</body>
</html>
h_Ex\systick.c: 1 warning, 0 errors
compiling tim.c...
..\StdPeriph_Ex\tim.c(68): error:  #18: expected a ")"
     if(PSC_Val_f > PSC_VALUE_MAX) PSC_Val = PSC_VALUE_MAX;            // saturation
..\StdPeriph_Ex\tim.c(78): warning:  #12-D: parsing restarts here after previous syntax error
  }
..\StdPeriph_Ex\tim.c(78): error:  #127: expected a statement
  }
..\StdPeriph_Ex\tim.c(78): warning:  #940-D: missing return statement at end of non-void function "TIM_QuickInit"
  }
..\StdPeriph_Ex\tim.c(58): warning:  #177-D: variable "ARR_Val_f" was declared but never referenced
     float    PSC_Val_f, ARR_Val_f;
..\StdPeriph_Ex\tim.c(59): warning:  #177-D: variable "ARR_Val" was declared but never referenced
     uint16_t PSC_Val  , ARR_Val  ;
..\StdPeriph_Ex\tim.c(97): warning:  #1-D: last line of file ends without a newline
  }
..\StdPeriph_Ex\tim.c: 5 warnings, 2 errors
".\Release\project.axf" - 2 Error(s), 6 Warning(s).
Target not created
